0 info it worked if it ends with ok
1 verbose cli [ '/usr/local/bin/node', '/usr/local/bin/npm', 'run', 'lint' ]
2 info using npm@3.10.3
3 info using node@v6.5.0
4 verbose run-script [ 'prelint', 'lint', 'postlint' ]
5 info lifecycle meteor-desktop-system-notifications@0.0.1~prelint: meteor-desktop-system-notifications@0.0.1
6 silly lifecycle meteor-desktop-system-notifications@0.0.1~prelint: no script for prelint, continuing
7 info lifecycle meteor-desktop-system-notifications@0.0.1~lint: meteor-desktop-system-notifications@0.0.1
8 verbose lifecycle meteor-desktop-system-notifications@0.0.1~lint: unsafe-perm in lifecycle true
9 verbose lifecycle meteor-desktop-system-notifications@0.0.1~lint: PATH: /usr/local/lib/node_modules/npm/bin/node-gyp-bin:/Users/alex/Documents/Work/Node/meteor-desktop-system-notifications/node_modules/.bin:/usr/local/bin:/Users/alex/.atom/packages/platformio-ide/penv/bin:/Applications/SenchaSDKTools:/opt/local/bin:/opt/local/sbin:/usr/local/bin:/usr/bin:/bin:/usr/sbin:/sbin:/usr/local/bin
10 verbose lifecycle meteor-desktop-system-notifications@0.0.1~lint: CWD: /Users/alex/Documents/Work/Node/meteor-desktop-system-notifications
11 silly lifecycle meteor-desktop-system-notifications@0.0.1~lint: Args: [ '-c', 'eslint src tests plugins' ]
12 silly lifecycle meteor-desktop-system-notifications@0.0.1~lint: Returned: code: 1  signal: null
13 info lifecycle meteor-desktop-system-notifications@0.0.1~lint: Failed to exec lint script
14 verbose stack Error: meteor-desktop-system-notifications@0.0.1 lint: `eslint src tests plugins`
14 verbose stack Exit status 1
14 verbose stack     at EventEmitter.<anonymous> (/usr/local/lib/node_modules/npm/lib/utils/lifecycle.js:242:16)
14 verbose stack     at emitTwo (events.js:106:13)
14 verbose stack     at EventEmitter.emit (events.js:191:7)
14 verbose stack     at ChildProcess.<anonymous> (/usr/local/lib/node_modules/npm/lib/utils/spawn.js:40:14)
14 verbose stack     at emitTwo (events.js:106:13)
14 verbose stack     at ChildProcess.emit (events.js:191:7)
14 verbose stack     at maybeClose (internal/child_process.js:877:16)
14 verbose stack     at Process.ChildProcess._handle.onexit (internal/child_process.js:226:5)
15 verbose pkgid meteor-desktop-system-notifications@0.0.1
16 verbose cwd /Users/alex/Documents/Work/Node/meteor-desktop-system-notifications
17 error Darwin 16.3.0
18 error argv "/usr/local/bin/node" "/usr/local/bin/npm" "run" "lint"
19 error node v6.5.0
20 error npm  v3.10.3
21 error code ELIFECYCLE
22 error meteor-desktop-system-notifications@0.0.1 lint: `eslint src tests plugins`
22 error Exit status 1
23 error Failed at the meteor-desktop-system-notifications@0.0.1 lint script 'eslint src tests plugins'.
23 error Make sure you have the latest version of node.js and npm installed.
23 error If you do, this is most likely a problem with the meteor-desktop-system-notifications package,
23 error not with npm itself.
23 error Tell the author that this fails on your system:
23 error     eslint src tests plugins
23 error You can get information on how to open an issue for this project with:
23 error     npm bugs meteor-desktop-system-notifications
23 error Or if that isn't available, you can get their info via:
23 error     npm owner ls meteor-desktop-system-notifications
23 error There is likely additional logging output above.
24 verbose exit [ 1, true ]
